<?xml version="1.0" encoding="UTF-8"?>
<testsuite xmlns:xsi="http://www.w3.org/2001/XMLSchema-instance" xsi:noNamespaceSchemaLocation="https://maven.apache.org/surefire/maven-surefire-plugin/xsd/surefire-test-report-3.0.xsd" version="3.0" name="nba.back.BackApplicationTests" time="149.945" tests="1" errors="0" skipped="0" failures="0">
  <properties>
    <property name="java.specification.version" value="17"/>
    <property name="sun.cpu.isalist" value="amd64"/>
    <property name="sun.jnu.encoding" value="Cp1252"/>
    <property name="java.class.path" value="F:\S5\web_avance\deploiement-spring-boot\target\test-classes;F:\S5\web_avance\deploiement-spring-boot\target\classes;C:\Users\Tita\.m2\repository\org\springframework\boot\spring-boot-starter-data-jpa\3.1.6\spring-boot-starter-data-jpa-3.1.6.jar;C:\Users\Tita\.m2\repository\org\springframework\boot\spring-boot-starter-aop\3.1.6\spring-boot-starter-aop-3.1.6.jar;C:\Users\Tita\.m2\repository\org\springframework\spring-aop\6.0.14\spring-aop-6.0.14.jar;C:\Users\Tita\.m2\repository\org\aspectj\aspectjweaver\1.9.20.1\aspectjweaver-1.9.20.1.jar;C:\Users\Tita\.m2\repository\org\springframework\boot\spring-boot-starter-jdbc\3.1.6\spring-boot-starter-jdbc-3.1.6.jar;C:\Users\Tita\.m2\repository\com\zaxxer\HikariCP\5.0.1\HikariCP-5.0.1.jar;C:\Users\Tita\.m2\repository\org\springframework\spring-jdbc\6.0.14\spring-jdbc-6.0.14.jar;C:\Users\Tita\.m2\repository\org\hibernate\orm\hibernate-core\6.2.13.Final\hibernate-core-6.2.13.Final.jar;C:\Users\Tita\.m2\repository\jakarta\persistence\jakarta.persistence-api\3.1.0\jakarta.persistence-api-3.1.0.jar;C:\Users\Tita\.m2\repository\jakarta\transaction\jakarta.transaction-api\2.0.1\jakarta.transaction-api-2.0.1.jar;C:\Users\Tita\.m2\repository\org\jboss\logging\jboss-logging\3.5.3.Final\jboss-logging-3.5.3.Final.jar;C:\Users\Tita\.m2\repository\org\hibernate\common\hibernate-commons-annotations\6.0.6.Final\hibernate-commons-annotations-6.0.6.Final.jar;C:\Users\Tita\.m2\repository\io\smallrye\jandex\3.0.5\jandex-3.0.5.jar;C:\Users\Tita\.m2\repository\com\fasterxml\classmate\1.5.1\classmate-1.5.1.jar;C:\Users\Tita\.m2\repository\net\bytebuddy\byte-buddy\1.14.10\byte-buddy-1.14.10.jar;C:\Users\Tita\.m2\repository\org\glassfish\jaxb\jaxb-runtime\4.0.4\jaxb-runtime-4.0.4.jar;C:\Users\Tita\.m2\repository\org\glassfish\jaxb\jaxb-core\4.0.4\jaxb-core-4.0.4.jar;C:\Users\Tita\.m2\repository\org\eclipse\angus\angus-activation\2.0.1\angus-activation-2.0.1.jar;C:\Users\Tita\.m2\repository\org\glassfish\jaxb\txw2\4.0.4\txw2-4.0.4.jar;C:\Users\Tita\.m2\repository\com\sun\istack\istack-commons-runtime\4.1.2\istack-commons-runtime-4.1.2.jar;C:\Users\Tita\.m2\repository\jakarta\inject\jakarta.inject-api\2.0.1\jakarta.inject-api-2.0.1.jar;C:\Users\Tita\.m2\repository\org\antlr\antlr4-runtime\4.10.1\antlr4-runtime-4.10.1.jar;C:\Users\Tita\.m2\repository\org\springframework\data\spring-data-jpa\3.1.6\spring-data-jpa-3.1.6.jar;C:\Users\Tita\.m2\repository\org\springframework\data\spring-data-commons\3.1.6\spring-data-commons-3.1.6.jar;C:\Users\Tita\.m2\repository\org\springframework\spring-orm\6.0.14\spring-orm-6.0.14.jar;C:\Users\Tita\.m2\repository\org\springframework\spring-context\6.0.14\spring-context-6.0.14.jar;C:\Users\Tita\.m2\repository\org\springframework\spring-tx\6.0.14\spring-tx-6.0.14.jar;C:\Users\Tita\.m2\repository\org\springframework\spring-beans\6.0.14\spring-beans-6.0.14.jar;C:\Users\Tita\.m2\repository\jakarta\annotation\jakarta.annotation-api\2.1.1\jakarta.annotation-api-2.1.1.jar;C:\Users\Tita\.m2\repository\org\slf4j\slf4j-api\2.0.9\slf4j-api-2.0.9.jar;C:\Users\Tita\.m2\repository\org\springframework\spring-aspects\6.0.14\spring-aspects-6.0.14.jar;C:\Users\Tita\.m2\repository\org\springframework\boot\spring-boot-starter-web\3.1.6\spring-boot-starter-web-3.1.6.jar;C:\Users\Tita\.m2\repository\org\springframework\boot\spring-boot-starter\3.1.6\spring-boot-starter-3.1.6.jar;C:\Users\Tita\.m2\repository\org\springframework\boot\spring-boot-starter-logging\3.1.6\spring-boot-starter-logging-3.1.6.jar;C:\Users\Tita\.m2\repository\ch\qos\logback\logback-classic\1.4.11\logback-classic-1.4.11.jar;C:\Users\Tita\.m2\repository\ch\qos\logback\logback-core\1.4.11\logback-core-1.4.11.jar;C:\Users\Tita\.m2\repository\org\apache\logging\log4j\log4j-to-slf4j\2.20.0\log4j-to-slf4j-2.20.0.jar;C:\Users\Tita\.m2\repository\org\apache\logging\log4j\log4j-api\2.20.0\log4j-api-2.20.0.jar;C:\Users\Tita\.m2\repository\org\slf4j\jul-to-slf4j\2.0.9\jul-to-slf4j-2.0.9.jar;C:\Users\Tita\.m2\repository\org\yaml\snakeyaml\1.33\snakeyaml-1.33.jar;C:\Users\Tita\.m2\repository\org\springframework\boot\spring-boot-starter-json\3.1.6\spring-boot-starter-json-3.1.6.jar;C:\Users\Tita\.m2\repository\com\fasterxml\jackson\core\jackson-databind\2.15.3\jackson-databind-2.15.3.jar;C:\Users\Tita\.m2\repository\com\fasterxml\jackson\core\jackson-annotations\2.15.3\jackson-annotations-2.15.3.jar;C:\Users\Tita\.m2\repository\com\fasterxml\jackson\core\jackson-core\2.15.3\jackson-core-2.15.3.jar;C:\Users\Tita\.m2\repository\com\fasterxml\jackson\datatype\jackson-datatype-jdk8\2.15.3\jackson-datatype-jdk8-2.15.3.jar;C:\Users\Tita\.m2\repository\com\fasterxml\jackson\datatype\jackson-datatype-jsr310\2.15.3\jackson-datatype-jsr310-2.15.3.jar;C:\Users\Tita\.m2\repository\com\fasterxml\jackson\module\jackson-module-parameter-names\2.15.3\jackson-module-parameter-names-2.15.3.jar;C:\Users\Tita\.m2\repository\org\springframework\boot\spring-boot-starter-tomcat\3.1.6\spring-boot-starter-tomcat-3.1.6.jar;C:\Users\Tita\.m2\repository\org\apache\tomcat\embed\tomcat-embed-core\10.1.16\tomcat-embed-core-10.1.16.jar;C:\Users\Tita\.m2\repository\org\apache\tomcat\embed\tomcat-embed-el\10.1.16\tomcat-embed-el-10.1.16.jar;C:\Users\Tita\.m2\repository\org\apache\tomcat\embed\tomcat-embed-websocket\10.1.16\tomcat-embed-websocket-10.1.16.jar;C:\Users\Tita\.m2\repository\org\springframework\spring-web\6.0.14\spring-web-6.0.14.jar;C:\Users\Tita\.m2\repository\io\micrometer\micrometer-observation\1.11.6\micrometer-observation-1.11.6.jar;C:\Users\Tita\.m2\repository\io\micrometer\micrometer-commons\1.11.6\micrometer-commons-1.11.6.jar;C:\Users\Tita\.m2\repository\org\springframework\spring-webmvc\6.0.14\spring-webmvc-6.0.14.jar;C:\Users\Tita\.m2\repository\org\springframework\spring-expression\6.0.14\spring-expression-6.0.14.jar;C:\Users\Tita\.m2\repository\org\springframework\boot\spring-boot-devtools\3.1.6\spring-boot-devtools-3.1.6.jar;C:\Users\Tita\.m2\repository\org\springframework\boot\spring-boot\3.1.6\spring-boot-3.1.6.jar;C:\Users\Tita\.m2\repository\org\springframework\boot\spring-boot-autoconfigure\3.1.6\spring-boot-autoconfigure-3.1.6.jar;C:\Users\Tita\.m2\repository\org\postgresql\postgresql\42.6.0\postgresql-42.6.0.jar;C:\Users\Tita\.m2\repository\org\checkerframework\checker-qual\3.31.0\checker-qual-3.31.0.jar;C:\Users\Tita\.m2\repository\org\springframework\boot\spring-boot-starter-test\3.1.6\spring-boot-starter-test-3.1.6.jar;C:\Users\Tita\.m2\repository\org\springframework\boot\spring-boot-test\3.1.6\spring-boot-test-3.1.6.jar;C:\Users\Tita\.m2\repository\org\springframework\boot\spring-boot-test-autoconfigure\3.1.6\spring-boot-test-autoconfigure-3.1.6.jar;C:\Users\Tita\.m2\repository\com\jayway\jsonpath\json-path\2.8.0\json-path-2.8.0.jar;C:\Users\Tita\.m2\repository\jakarta\xml\bind\jakarta.xml.bind-api\4.0.1\jakarta.xml.bind-api-4.0.1.jar;C:\Users\Tita\.m2\repository\jakarta\activation\jakarta.activation-api\2.1.2\jakarta.activation-api-2.1.2.jar;C:\Users\Tita\.m2\repository\net\minidev\json-smart\2.4.11\json-smart-2.4.11.jar;C:\Users\Tita\.m2\repository\net\minidev\accessors-smart\2.4.11\accessors-smart-2.4.11.jar;C:\Users\Tita\.m2\repository\org\ow2\asm\asm\9.3\asm-9.3.jar;C:\Users\Tita\.m2\repository\org\assertj\assertj-core\3.24.2\assertj-core-3.24.2.jar;C:\Users\Tita\.m2\repository\org\hamcrest\hamcrest\2.2\hamcrest-2.2.jar;C:\Users\Tita\.m2\repository\org\junit\jupiter\junit-jupiter\5.9.3\junit-jupiter-5.9.3.jar;C:\Users\Tita\.m2\repository\org\junit\jupiter\junit-jupiter-api\5.9.3\junit-jupiter-api-5.9.3.jar;C:\Users\Tita\.m2\repository\org\opentest4j\opentest4j\1.2.0\opentest4j-1.2.0.jar;C:\Users\Tita\.m2\repository\org\junit\platform\junit-platform-commons\1.9.3\junit-platform-commons-1.9.3.jar;C:\Users\Tita\.m2\repository\org\apiguardian\apiguardian-api\1.1.2\apiguardian-api-1.1.2.jar;C:\Users\Tita\.m2\repository\org\junit\jupiter\junit-jupiter-params\5.9.3\junit-jupiter-params-5.9.3.jar;C:\Users\Tita\.m2\repository\org\junit\jupiter\junit-jupiter-engine\5.9.3\junit-jupiter-engine-5.9.3.jar;C:\Users\Tita\.m2\repository\org\junit\platform\junit-platform-engine\1.9.3\junit-platform-engine-1.9.3.jar;C:\Users\Tita\.m2\repository\org\mockito\mockito-core\5.3.1\mockito-core-5.3.1.jar;C:\Users\Tita\.m2\repository\net\bytebuddy\byte-buddy-agent\1.14.10\byte-buddy-agent-1.14.10.jar;C:\Users\Tita\.m2\repository\org\objenesis\objenesis\3.3\objenesis-3.3.jar;C:\Users\Tita\.m2\repository\org\mockito\mockito-junit-jupiter\5.3.1\mockito-junit-jupiter-5.3.1.jar;C:\Users\Tita\.m2\repository\org\skyscreamer\jsonassert\1.5.1\jsonassert-1.5.1.jar;C:\Users\Tita\.m2\repository\com\vaadin\external\google\android-json\0.0.20131108.vaadin1\android-json-0.0.20131108.vaadin1.jar;C:\Users\Tita\.m2\repository\org\springframework\spring-core\6.0.14\spring-core-6.0.14.jar;C:\Users\Tita\.m2\repository\org\springframework\spring-jcl\6.0.14\spring-jcl-6.0.14.jar;C:\Users\Tita\.m2\repository\org\springframework\spring-test\6.0.14\spring-test-6.0.14.jar;C:\Users\Tita\.m2\repository\org\xmlunit\xmlunit-core\2.9.1\xmlunit-core-2.9.1.jar;"/>
    <property name="java.vm.vendor" value="Oracle Corporation"/>
    <property name="sun.arch.data.model" value="64"/>
    <property name="user.variant" value=""/>
    <property name="java.vendor.url" value="https://java.oracle.com/"/>
    <property name="user.timezone" value="Europe/Paris"/>
    <property name="org.jboss.logging.provider" value="slf4j"/>
    <property name="os.name" value="Windows 10"/>
    <property name="java.vm.specification.version" value="17"/>
    <property name="sun.java.launcher" value="SUN_STANDARD"/>
    <property name="user.country" value="FR"/>
    <property name="sun.boot.library.path" value="C:\Program Files\Java\jdk-17.0.2\bin"/>
    <property name="sun.java.command" value="C:\Users\Tita\AppData\Local\Temp\surefire8587647517706383854\surefirebooter-20231229155809818_3.jar C:\Users\Tita\AppData\Local\Temp\surefire8587647517706383854 2023-12-29T15-58-06_390-jvmRun1 surefire-20231229155809818_1tmp surefire_0-20231229155809818_2tmp"/>
    <property name="jdk.debug" value="release"/>
    <property name="surefire.test.class.path" value="F:\S5\web_avance\deploiement-spring-boot\target\test-classes;F:\S5\web_avance\deploiement-spring-boot\target\classes;C:\Users\Tita\.m2\repository\org\springframework\boot\spring-boot-starter-data-jpa\3.1.6\spring-boot-starter-data-jpa-3.1.6.jar;C:\Users\Tita\.m2\repository\org\springframework\boot\spring-boot-starter-aop\3.1.6\spring-boot-starter-aop-3.1.6.jar;C:\Users\Tita\.m2\repository\org\springframework\spring-aop\6.0.14\spring-aop-6.0.14.jar;C:\Users\Tita\.m2\repository\org\aspectj\aspectjweaver\1.9.20.1\aspectjweaver-1.9.20.1.jar;C:\Users\Tita\.m2\repository\org\springframework\boot\spring-boot-starter-jdbc\3.1.6\spring-boot-starter-jdbc-3.1.6.jar;C:\Users\Tita\.m2\repository\com\zaxxer\HikariCP\5.0.1\HikariCP-5.0.1.jar;C:\Users\Tita\.m2\repository\org\springframework\spring-jdbc\6.0.14\spring-jdbc-6.0.14.jar;C:\Users\Tita\.m2\repository\org\hibernate\orm\hibernate-core\6.2.13.Final\hibernate-core-6.2.13.Final.jar;C:\Users\Tita\.m2\repository\jakarta\persistence\jakarta.persistence-api\3.1.0\jakarta.persistence-api-3.1.0.jar;C:\Users\Tita\.m2\repository\jakarta\transaction\jakarta.transaction-api\2.0.1\jakarta.transaction-api-2.0.1.jar;C:\Users\Tita\.m2\repository\org\jboss\logging\jboss-logging\3.5.3.Final\jboss-logging-3.5.3.Final.jar;C:\Users\Tita\.m2\repository\org\hibernate\common\hibernate-commons-annotations\6.0.6.Final\hibernate-commons-annotations-6.0.6.Final.jar;C:\Users\Tita\.m2\repository\io\smallrye\jandex\3.0.5\jandex-3.0.5.jar;C:\Users\Tita\.m2\repository\com\fasterxml\classmate\1.5.1\classmate-1.5.1.jar;C:\Users\Tita\.m2\repository\net\bytebuddy\byte-buddy\1.14.10\byte-buddy-1.14.10.jar;C:\Users\Tita\.m2\repository\org\glassfish\jaxb\jaxb-runtime\4.0.4\jaxb-runtime-4.0.4.jar;C:\Users\Tita\.m2\repository\org\glassfish\jaxb\jaxb-core\4.0.4\jaxb-core-4.0.4.jar;C:\Users\Tita\.m2\repository\org\eclipse\angus\angus-activation\2.0.1\angus-activation-2.0.1.jar;C:\Users\Tita\.m2\repository\org\glassfish\jaxb\txw2\4.0.4\txw2-4.0.4.jar;C:\Users\Tita\.m2\repository\com\sun\istack\istack-commons-runtime\4.1.2\istack-commons-runtime-4.1.2.jar;C:\Users\Tita\.m2\repository\jakarta\inject\jakarta.inject-api\2.0.1\jakarta.inject-api-2.0.1.jar;C:\Users\Tita\.m2\repository\org\antlr\antlr4-runtime\4.10.1\antlr4-runtime-4.10.1.jar;C:\Users\Tita\.m2\repository\org\springframework\data\spring-data-jpa\3.1.6\spring-data-jpa-3.1.6.jar;C:\Users\Tita\.m2\repository\org\springframework\data\spring-data-commons\3.1.6\spring-data-commons-3.1.6.jar;C:\Users\Tita\.m2\repository\org\springframework\spring-orm\6.0.14\spring-orm-6.0.14.jar;C:\Users\Tita\.m2\repository\org\springframework\spring-context\6.0.14\spring-context-6.0.14.jar;C:\Users\Tita\.m2\repository\org\springframework\spring-tx\6.0.14\spring-tx-6.0.14.jar;C:\Users\Tita\.m2\repository\org\springframework\spring-beans\6.0.14\spring-beans-6.0.14.jar;C:\Users\Tita\.m2\repository\jakarta\annotation\jakarta.annotation-api\2.1.1\jakarta.annotation-api-2.1.1.jar;C:\Users\Tita\.m2\repository\org\slf4j\slf4j-api\2.0.9\slf4j-api-2.0.9.jar;C:\Users\Tita\.m2\repository\org\springframework\spring-aspects\6.0.14\spring-aspects-6.0.14.jar;C:\Users\Tita\.m2\repository\org\springframework\boot\spring-boot-starter-web\3.1.6\spring-boot-starter-web-3.1.6.jar;C:\Users\Tita\.m2\repository\org\springframework\boot\spring-boot-starter\3.1.6\spring-boot-starter-3.1.6.jar;C:\Users\Tita\.m2\repository\org\springframework\boot\spring-boot-starter-logging\3.1.6\spring-boot-starter-logging-3.1.6.jar;C:\Users\Tita\.m2\repository\ch\qos\logback\logback-classic\1.4.11\logback-classic-1.4.11.jar;C:\Users\Tita\.m2\repository\ch\qos\logback\logback-core\1.4.11\logback-core-1.4.11.jar;C:\Users\Tita\.m2\repository\org\apache\logging\log4j\log4j-to-slf4j\2.20.0\log4j-to-slf4j-2.20.0.jar;C:\Users\Tita\.m2\repository\org\apache\logging\log4j\log4j-api\2.20.0\log4j-api-2.20.0.jar;C:\Users\Tita\.m2\repository\org\slf4j\jul-to-slf4j\2.0.9\jul-to-slf4j-2.0.9.jar;C:\Users\Tita\.m2\repository\org\yaml\snakeyaml\1.33\snakeyaml-1.33.jar;C:\Users\Tita\.m2\repository\org\springframework\boot\spring-boot-starter-json\3.1.6\spring-boot-starter-json-3.1.6.jar;C:\Users\Tita\.m2\repository\com\fasterxml\jackson\core\jackson-databind\2.15.3\jackson-databind-2.15.3.jar;C:\Users\Tita\.m2\repository\com\fasterxml\jackson\core\jackson-annotations\2.15.3\jackson-annotations-2.15.3.jar;C:\Users\Tita\.m2\repository\com\fasterxml\jackson\core\jackson-core\2.15.3\jackson-core-2.15.3.jar;C:\Users\Tita\.m2\repository\com\fasterxml\jackson\datatype\jackson-datatype-jdk8\2.15.3\jackson-datatype-jdk8-2.15.3.jar;C:\Users\Tita\.m2\repository\com\fasterxml\jackson\datatype\jackson-datatype-jsr310\2.15.3\jackson-datatype-jsr310-2.15.3.jar;C:\Users\Tita\.m2\repository\com\fasterxml\jackson\module\jackson-module-parameter-names\2.15.3\jackson-module-parameter-names-2.15.3.jar;C:\Users\Tita\.m2\repository\org\springframework\boot\spring-boot-starter-tomcat\3.1.6\spring-boot-starter-tomcat-3.1.6.jar;C:\Users\Tita\.m2\repository\org\apache\tomcat\embed\tomcat-embed-core\10.1.16\tomcat-embed-core-10.1.16.jar;C:\Users\Tita\.m2\repository\org\apache\tomcat\embed\tomcat-embed-el\10.1.16\tomcat-embed-el-10.1.16.jar;C:\Users\Tita\.m2\repository\org\apache\tomcat\embed\tomcat-embed-websocket\10.1.16\tomcat-embed-websocket-10.1.16.jar;C:\Users\Tita\.m2\repository\org\springframework\spring-web\6.0.14\spring-web-6.0.14.jar;C:\Users\Tita\.m2\repository\io\micrometer\micrometer-observation\1.11.6\micrometer-observation-1.11.6.jar;C:\Users\Tita\.m2\repository\io\micrometer\micrometer-commons\1.11.6\micrometer-commons-1.11.6.jar;C:\Users\Tita\.m2\repository\org\springframework\spring-webmvc\6.0.14\spring-webmvc-6.0.14.jar;C:\Users\Tita\.m2\repository\org\springframework\spring-expression\6.0.14\spring-expression-6.0.14.jar;C:\Users\Tita\.m2\repository\org\springframework\boot\spring-boot-devtools\3.1.6\spring-boot-devtools-3.1.6.jar;C:\Users\Tita\.m2\repository\org\springframework\boot\spring-boot\3.1.6\spring-boot-3.1.6.jar;C:\Users\Tita\.m2\repository\org\springframework\boot\spring-boot-autoconfigure\3.1.6\spring-boot-autoconfigure-3.1.6.jar;C:\Users\Tita\.m2\repository\org\postgresql\postgresql\42.6.0\postgresql-42.6.0.jar;C:\Users\Tita\.m2\repository\org\checkerframework\checker-qual\3.31.0\checker-qual-3.31.0.jar;C:\Users\Tita\.m2\repository\org\springframework\boot\spring-boot-starter-test\3.1.6\spring-boot-starter-test-3.1.6.jar;C:\Users\Tita\.m2\repository\org\springframework\boot\spring-boot-test\3.1.6\spring-boot-test-3.1.6.jar;C:\Users\Tita\.m2\repository\org\springframework\boot\spring-boot-test-autoconfigure\3.1.6\spring-boot-test-autoconfigure-3.1.6.jar;C:\Users\Tita\.m2\repository\com\jayway\jsonpath\json-path\2.8.0\json-path-2.8.0.jar;C:\Users\Tita\.m2\repository\jakarta\xml\bind\jakarta.xml.bind-api\4.0.1\jakarta.xml.bind-api-4.0.1.jar;C:\Users\Tita\.m2\repository\jakarta\activation\jakarta.activation-api\2.1.2\jakarta.activation-api-2.1.2.jar;C:\Users\Tita\.m2\repository\net\minidev\json-smart\2.4.11\json-smart-2.4.11.jar;C:\Users\Tita\.m2\repository\net\minidev\accessors-smart\2.4.11\accessors-smart-2.4.11.jar;C:\Users\Tita\.m2\repository\org\ow2\asm\asm\9.3\asm-9.3.jar;C:\Users\Tita\.m2\repository\org\assertj\assertj-core\3.24.2\assertj-core-3.24.2.jar;C:\Users\Tita\.m2\repository\org\hamcrest\hamcrest\2.2\hamcrest-2.2.jar;C:\Users\Tita\.m2\repository\org\junit\jupiter\junit-jupiter\5.9.3\junit-jupiter-5.9.3.jar;C:\Users\Tita\.m2\repository\org\junit\jupiter\junit-jupiter-api\5.9.3\junit-jupiter-api-5.9.3.jar;C:\Users\Tita\.m2\repository\org\opentest4j\opentest4j\1.2.0\opentest4j-1.2.0.jar;C:\Users\Tita\.m2\repository\org\junit\platform\junit-platform-commons\1.9.3\junit-platform-commons-1.9.3.jar;C:\Users\Tita\.m2\repository\org\apiguardian\apiguardian-api\1.1.2\apiguardian-api-1.1.2.jar;C:\Users\Tita\.m2\repository\org\junit\jupiter\junit-jupiter-params\5.9.3\junit-jupiter-params-5.9.3.jar;C:\Users\Tita\.m2\repository\org\junit\jupiter\junit-jupiter-engine\5.9.3\junit-jupiter-engine-5.9.3.jar;C:\Users\Tita\.m2\repository\org\junit\platform\junit-platform-engine\1.9.3\junit-platform-engine-1.9.3.jar;C:\Users\Tita\.m2\repository\org\mockito\mockito-core\5.3.1\mockito-core-5.3.1.jar;C:\Users\Tita\.m2\repository\net\bytebuddy\byte-buddy-agent\1.14.10\byte-buddy-agent-1.14.10.jar;C:\Users\Tita\.m2\repository\org\objenesis\objenesis\3.3\objenesis-3.3.jar;C:\Users\Tita\.m2\repository\org\mockito\mockito-junit-jupiter\5.3.1\mockito-junit-jupiter-5.3.1.jar;C:\Users\Tita\.m2\repository\org\skyscreamer\jsonassert\1.5.1\jsonassert-1.5.1.jar;C:\Users\Tita\.m2\repository\com\vaadin\external\google\android-json\0.0.20131108.vaadin1\android-json-0.0.20131108.vaadin1.jar;C:\Users\Tita\.m2\repository\org\springframework\spring-core\6.0.14\spring-core-6.0.14.jar;C:\Users\Tita\.m2\repository\org\springframework\spring-jcl\6.0.14\spring-jcl-6.0.14.jar;C:\Users\Tita\.m2\repository\org\springframework\spring-test\6.0.14\spring-test-6.0.14.jar;C:\Users\Tita\.m2\repository\org\xmlunit\xmlunit-core\2.9.1\xmlunit-core-2.9.1.jar;"/>
    <property name="sun.cpu.endian" value="little"/>
    <property name="user.home" value="C:\Users\Tita"/>
    <property name="user.language" value="fr"/>
    <property name="java.specification.vendor" value="Oracle Corporation"/>
    <property name="java.version.date" value="2022-01-18"/>
    <property name="java.home" value="C:\Program Files\Java\jdk-17.0.2"/>
    <property name="file.separator" value="\"/>
    <property name="basedir" value="F:\S5\web_avance\deploiement-spring-boot"/>
    <property name="java.vm.compressedOopsMode" value="32-bit"/>
    <property name="line.separator" value="&#10;"/>
    <property name="java.vm.specification.vendor" value="Oracle Corporation"/>
    <property name="java.specification.name" value="Java Platform API Specification"/>
    <property name="FILE_LOG_CHARSET" value="windows-1252"/>
    <property name="java.awt.headless" value="true"/>
    <property name="surefire.real.class.path" value="C:\Users\Tita\AppData\Local\Temp\surefire8587647517706383854\surefirebooter-20231229155809818_3.jar"/>
    <property name="user.script" value=""/>
    <property name="sun.management.compiler" value="HotSpot 64-Bit Tiered Compilers"/>
    <property name="java.runtime.version" value="17.0.2+8-LTS-86"/>
    <property name="user.name" value="Tita"/>
    <property name="path.separator" value=";"/>
    <property name="os.version" value="10.0"/>
    <property name="java.runtime.name" value="Java(TM) SE Runtime Environment"/>
    <property name="file.encoding" value="Cp1252"/>
    <property name="java.vm.name" value="Java HotSpot(TM) 64-Bit Server VM"/>
    <property name="localRepository" value="C:\Users\Tita\.m2\repository"/>
    <property name="java.vendor.url.bug" value="https://bugreport.java.com/bugreport/"/>
    <property name="java.io.tmpdir" value="C:\Users\Tita\AppData\Local\Temp\"/>
    <property name="com.zaxxer.hikari.pool_number" value="1"/>
    <property name="java.version" value="17.0.2"/>
    <property name="user.dir" value="F:\S5\web_avance\deploiement-spring-boot"/>
    <property name="os.arch" value="amd64"/>
    <property name="java.vm.specification.name" value="Java Virtual Machine Specification"/>
    <property name="PID" value="7912"/>
    <property name="sun.os.patch.level" value=""/>
    <property name="CONSOLE_LOG_CHARSET" value="windows-1252"/>
    <property name="native.encoding" value="Cp1252"/>
    <property name="java.library.path" value="C:\Program Files\Java\jdk-17.0.2\bin;C:\Windows\Sun\Java\bin;C:\Windows\system32;C:\Windows;C:\Program Files\Common Files\Oracle\Java\javapath;C:\Windows\system32;C:\Windows;C:\Windows\System32\Wbem;C:\Windows\System32\WindowsPowerShell\v1.0\;C:\Windows\System32\OpenSSH\;C:\Program Files\dotnet\;C:\Program Files\Git\cmd;F:\log\sqlite-tools-win32-x86-3430100;C:\Program Files\Java\jdk-17.0.2\bin;F:\apache-tomcat-10.0.22\bin;C:\Program Files\nodejs\;C:\Gradle\gradle-8.4\bin;C:\Program Files\Docker\Docker\resources\bin;C:\Program Files\PostgreSQL\10\bin;C:\Users\Tita\AppData\Local\pnpm;C:\Users\Tita\AppData\Local\Microsoft\WindowsApps;C:\Users\Tita\AppData\Local\Programs\Microsoft VS Code\bin;C:\Users\Tita\.dotnet\tools;C:\Users\Tita\AppData\Roaming\npm;C:\Users\Tita\AppData\Local\GitHubDesktop\bin;."/>
    <property name="java.vm.info" value="mixed mode, sharing"/>
    <property name="java.vendor" value="Oracle Corporation"/>
    <property name="java.vm.version" value="17.0.2+8-LTS-86"/>
    <property name="sun.io.unicode.encoding" value="UnicodeLittle"/>
    <property name="java.class.version" value="61.0"/>
  </properties>
  <testcase name="contextLoads" classname="nba.back.BackApplicationTests" time="14.443">
    <system-out><![CDATA[15:58:20.221 [main] INFO org.springframework.test.context.support.AnnotationConfigContextLoaderUtils -- Could not detect default configuration classes for test class [nba.back.BackApplicationTests]: BackApplicationTests does not declare any static, non-private, non-final, nested classes annotated with @Configuration.
15:58:24.177 [main] INFO org.springframework.boot.test.context.SpringBootTestContextBootstrapper -- Found @SpringBootConfiguration nba.back.BackApplication for test class nba.back.BackApplicationTests
15:58:28.802 [main] INFO org.springframework.boot.devtools.restart.RestartApplicationListener -- Restart disabled due to context in which it is running

  .   ____          _            __ _ _
 /\\ / ___'_ __ _ _(_)_ __  __ _ \ \ \ \
( ( )\___ | '_ | '_| | '_ \/ _` | \ \ \ \
 \\/  ___)| |_)| | | | | || (_| |  ) ) ) )
  '  |____| .__|_| |_|_| |_\__, | / / / /
 =========|_|==============|___/=/_/_/_/
 :: Spring Boot ::                (v3.1.6)

2023-12-29T15:58:38.405+01:00  INFO 7912 --- [           main] nba.back.BackApplicationTests            : Starting BackApplicationTests using Java 17.0.2 with PID 7912 (started by Tita in F:\S5\web_avance\deploiement-spring-boot)
2023-12-29T15:58:38.421+01:00  INFO 7912 --- [           main] nba.back.BackApplicationTests            : No active profile set, falling back to 1 default profile: "default"
2023-12-29T15:58:54.143+01:00  INFO 7912 --- [           main] .s.d.r.c.RepositoryConfigurationDelegate : Bootstrapping Spring Data JPA repositories in DEFAULT mode.
2023-12-29T15:58:56.022+01:00  INFO 7912 --- [           main] .s.d.r.c.RepositoryConfigurationDelegate : Finished Spring Data repository scanning in 1696 ms. Found 1 JPA repository interface.
2023-12-29T15:59:11.556+01:00  INFO 7912 --- [           main] o.hibernate.jpa.internal.util.LogHelper  : HHH000204: Processing PersistenceUnitInfo [name: default]
2023-12-29T15:59:13.252+01:00  INFO 7912 --- [           main] org.hibernate.Version                    : HHH000412: Hibernate ORM core version 6.2.13.Final
2023-12-29T15:59:13.268+01:00  INFO 7912 --- [           main] org.hibernate.cfg.Environment            : HHH000406: Using bytecode reflection optimizer
2023-12-29T15:59:21.301+01:00  INFO 7912 --- [           main] o.s.o.j.p.SpringPersistenceUnitInfo      : No LoadTimeWeaver setup: ignoring JPA class transformer
2023-12-29T15:59:21.728+01:00  INFO 7912 --- [           main] com.zaxxer.hikari.HikariDataSource       : HikariPool-1 - Starting...
2023-12-29T15:59:35.283+01:00  INFO 7912 --- [           main] com.zaxxer.hikari.pool.HikariPool        : HikariPool-1 - Added connection org.postgresql.jdbc.PgConnection@22b82ddf
2023-12-29T15:59:35.283+01:00  INFO 7912 --- [           main] com.zaxxer.hikari.HikariDataSource       : HikariPool-1 - Start completed.
2023-12-29T15:59:36.094+01:00  WARN 7912 --- [           main] org.hibernate.orm.deprecation            : HHH90000025: PostgreSQLDialect does not need to be specified explicitly using 'hibernate.dialect' (remove the property setting and it will be selected by default)
2023-12-29T15:59:58.475+01:00  INFO 7912 --- [           main] o.h.e.t.j.p.i.JtaPlatformInitiator       : HHH000489: No JTA platform available (set 'hibernate.transaction.jta.platform' to enable JTA platform integration)
2023-12-29T16:00:00.783+01:00  INFO 7912 --- [           main] j.LocalContainerEntityManagerFactoryBean : Initialized JPA EntityManagerFactory for persistence unit 'default'
2023-12-29T16:00:12.512+01:00 ERROR 7912 --- [           main] o.a.catalina.core.AprLifecycleListener   : An incompatible version [1.2.33] of the Apache Tomcat Native library is installed, while Tomcat requires version [1.2.34]
2023-12-29T16:00:15.574+01:00  WARN 7912 --- [           main] JpaBaseConfiguration$JpaWebConfiguration : spring.jpa.open-in-view is enabled by default. Therefore, database queries may be performed during view rendering. Explicitly configure spring.jpa.open-in-view to disable this warning
2023-12-29T16:00:31.842+01:00  INFO 7912 --- [           main] nba.back.BackApplicationTests            : Started BackApplicationTests in 123.522 seconds (process running for 141.173)
]]></system-out>
  </testcase>
</testsuite>